The system is: Windows - 10.0.19044 - AMD64
Compiling the C compiler identification source file "CMakeCCompilerId.c" succeeded.
Compiler: C:/Program Files/Microsoft Visual Studio/2022/Community/VC/Tools/MSVC/14.32.31326/bin/Hostx64/x64/cl.exe 
Build flags: 
Id flags:  

The output was:
0
Оптимизирующий компилятор Microsoft (R) C/C++ версии 19.32.31332 для x64
(C) Корпорация Майкрософт (Microsoft Corporation).  Все права защищены.

CMakeCCompilerId.c
Microsoft (R) Incremental Linker Version 14.32.31332.0
Copyright (C) Microsoft Corporation.  All rights reserved.

/out:CMakeCCompilerId.exe 
CMakeCCompilerId.obj 


Compilation of the C compiler identification source "CMakeCCompilerId.c" produced "CMakeCCompilerId.exe"

Compilation of the C compiler identification source "CMakeCCompilerId.c" produced "CMakeCCompilerId.obj"

The C compiler identification is MSVC, found in "C:/Users/floma/CLionProjects/MM3DCube/cmake-build-debug/CMakeFiles/3.25.2/CompilerIdC/CMakeCCompilerId.exe"

Compiling the CXX compiler identification source file "CMakeCXXCompilerId.cpp" succeeded.
Compiler: C:/Program Files/Microsoft Visual Studio/2022/Community/VC/Tools/MSVC/14.32.31326/bin/Hostx64/x64/cl.exe 
Build flags: 
Id flags:  

The output was:
0
Оптимизирующий компилятор Microsoft (R) C/C++ версии 19.32.31332 для x64
(C) Корпорация Майкрософт (Microsoft Corporation).  Все права защищены.

CMakeCXXCompilerId.cpp
Microsoft (R) Incremental Linker Version 14.32.31332.0
Copyright (C) Microsoft Corporation.  All rights reserved.

/out:CMakeCXXCompilerId.exe 
CMakeCXXCompilerId.obj 


Compilation of the CXX compiler identification source "CMakeCXXCompilerId.cpp" produced "CMakeCXXCompilerId.exe"

Compilation of the CXX compiler identification source "CMakeCXXCompilerId.cpp" produced "CMakeCXXCompilerId.obj"

The CXX compiler identification is MSVC, found in "C:/Users/floma/CLionProjects/MM3DCube/cmake-build-debug/CMakeFiles/3.25.2/CompilerIdCXX/CMakeCXXCompilerId.exe"

Detecting C compiler ABI info compiled with the following output:
Change Dir: C:/Users/floma/CLionProjects/MM3DCube/cmake-build-debug/CMakeFiles/CMakeScratch/TryCompile-evcmfh

Run Build Command(s):C:/Users/floma/AppData/Local/JetBrains/Toolbox/apps/CLion/ch-0/231.8109.174/bin/ninja/win/x64/ninja.exe cmTC_0337d && [1/2] Building C object CMakeFiles\cmTC_0337d.dir\CMakeCCompilerABI.c.obj
[2/2] Linking C executable cmTC_0337d.exe



Detecting CXX compiler ABI info compiled with the following output:
Change Dir: C:/Users/floma/CLionProjects/MM3DCube/cmake-build-debug/CMakeFiles/CMakeScratch/TryCompile-fozvy6

Run Build Command(s):C:/Users/floma/AppData/Local/JetBrains/Toolbox/apps/CLion/ch-0/231.8109.174/bin/ninja/win/x64/ninja.exe cmTC_c4098 && [1/2] Building CXX object CMakeFiles\cmTC_c4098.dir\CMakeCXXCompilerABI.cpp.obj
[2/2] Linking CXX executable cmTC_c4098.exe



